-------------------------------------------------------------------------------
Test set: com.example.graphqlconnector.GraphQLSourceTaskTest
-------------------------------------------------------------------------------
Tests run: 9, Failures: 0, Errors: 8, Skipped: 0, Time elapsed: 0.545 s <<< FAILURE! -- in com.example.graphqlconnector.GraphQLSourceTaskTest
com.example.graphqlconnector.GraphQLSourceTaskTest.testStartWithExistingOffset -- Time elapsed: 0.515 s <<< ERROR!
java.lang.Error: 
Unresolved compilation problems: 
	The import org.apache.kafka.common.config.AbstractConfig cannot be resolved
	The import org.apache.kafka.common.config.ConfigDef cannot be resolved
	The import org.apache.kafka.common.config.ConfigDef cannot be resolved
	The import org.apache.kafka.common.config.ConfigDef cannot be resolved
	AbstractConfig cannot be resolved to a type
	ConfigDef cannot be resolved to a type
	ConfigDef cannot be resolved to a type
	Type cannot be resolved to a variable
	Importance cannot be resolved to a variable
	Type cannot be resolved to a variable
	Importance cannot be resolved to a variable
	Type cannot be resolved to a variable
	Importance cannot be resolved to a variable
	Type cannot be resolved to a variable
	Importance cannot be resolved to a variable
	Type cannot be resolved to a variable
	Importance cannot be resolved to a variable
	Type cannot be resolved to a variable
	Importance cannot be resolved to a variable
	Type cannot be resolved to a variable
	Importance cannot be resolved to a variable
	Type cannot be resolved to a variable
	Importance cannot be resolved to a variable
	Type cannot be resolved to a variable
	Importance cannot be resolved to a variable
	Type cannot be resolved to a variable
	Importance cannot be resolved to a variable
	Type cannot be resolved to a variable
	Importance cannot be resolved to a variable
	Type cannot be resolved to a variable
	Importance cannot be resolved to a variable
	Type cannot be resolved to a variable
	Importance cannot be resolved to a variable
	Type cannot be resolved to a variable
	Importance cannot be resolved to a variable
	ConfigDef cannot be resolved to a type
	The method getString(String) is undefined for the type GraphQLSourceConnectorConfig
	The method getString(String) is undefined for the type GraphQLSourceConnectorConfig
	The method getString(String) is undefined for the type GraphQLSourceConnectorConfig
	The method getPassword(String) is undefined for the type GraphQLSourceConnectorConfig
	The method getString(String) is undefined for the type GraphQLSourceConnectorConfig
	The method getString(String) is undefined for the type GraphQLSourceConnectorConfig
	The method getString(String) is undefined for the type GraphQLSourceConnectorConfig
	The method getString(String) is undefined for the type GraphQLSourceConnectorConfig
	The method getInt(String) is undefined for the type GraphQLSourceConnectorConfig
	The method getLong(String) is undefined for the type GraphQLSourceConnectorConfig
	The method getString(String) is undefined for the type GraphQLSourceConnectorConfig
	The method getLong(String) is undefined for the type GraphQLSourceConnectorConfig
	The method getInt(String) is undefined for the type GraphQLSourceConnectorConfig
	The method getLong(String) is undefined for the type GraphQLSourceConnectorConfig

	at com.example.graphqlconnector.GraphQLSourceConnectorConfig.<init>(GraphQLSourceConnectorConfig.java:7)
	at com.example.graphqlconnector.GraphQLSourceTask.start(GraphQLSourceTask.java:83)
	at com.example.graphqlconnector.GraphQLSourceTaskTest.testStartWithExistingOffset(GraphQLSourceTaskTest.java:79)
	at java.base/jdk.internal.reflect.DirectMethodHandleAccessor.invoke(DirectMethodHandleAccessor.java:104)
	at java.base/java.lang.reflect.Method.invoke(Method.java:565)
	at org.junit.runners.model.FrameworkMethod$1.runReflectiveCall(FrameworkMethod.java:59)
	at org.junit.internal.runners.model.ReflectiveCallable.run(ReflectiveCallable.java:12)
	at org.junit.runners.model.FrameworkMethod.invokeExplosively(FrameworkMethod.java:56)
	at org.junit.internal.runners.statements.InvokeMethod.evaluate(InvokeMethod.java:17)
	at org.junit.internal.runners.statements.RunBefores.evaluate(RunBefores.java:26)
	at org.junit.runners.ParentRunner$3.evaluate(ParentRunner.java:306)
	at org.junit.runners.BlockJUnit4ClassRunner$1.evaluate(BlockJUnit4ClassRunner.java:100)
	at org.junit.runners.ParentRunner.runLeaf(ParentRunner.java:366)
	at org.junit.runners.BlockJUnit4ClassRunner.runChild(BlockJUnit4ClassRunner.java:103)
	at org.junit.runners.BlockJUnit4ClassRunner.runChild(BlockJUnit4ClassRunner.java:63)
	at org.junit.runners.ParentRunner$4.run(ParentRunner.java:331)
	at org.junit.runners.ParentRunner$1.schedule(ParentRunner.java:79)
	at org.junit.runners.ParentRunner.runChildren(ParentRunner.java:329)
	at org.junit.runners.ParentRunner.access$100(ParentRunner.java:66)
	at org.junit.runners.ParentRunner$2.evaluate(ParentRunner.java:293)
	at org.junit.runners.ParentRunner$3.evaluate(ParentRunner.java:306)
	at org.junit.runners.ParentRunner.run(ParentRunner.java:413)
	at org.apache.maven.surefire.junit4.JUnit4Provider.execute(JUnit4Provider.java:316)
	at org.apache.maven.surefire.junit4.JUnit4Provider.executeWithRerun(JUnit4Provider.java:240)
	at org.apache.maven.surefire.junit4.JUnit4Provider.executeTestSet(JUnit4Provider.java:214)
	at org.apache.maven.surefire.junit4.JUnit4Provider.invoke(JUnit4Provider.java:155)
	at org.apache.maven.surefire.booter.ForkedBooter.runSuitesInProcess(ForkedBooter.java:385)
	at org.apache.maven.surefire.booter.ForkedBooter.execute(ForkedBooter.java:162)
	at org.apache.maven.surefire.booter.ForkedBooter.run(ForkedBooter.java:507)
	at org.apache.maven.surefire.booter.ForkedBooter.main(ForkedBooter.java:495)

com.example.graphqlconnector.GraphQLSourceTaskTest.testStartWithValidConfig -- Time elapsed: 0 s <<< ERROR!
java.lang.Error: 
Unresolved compilation problems: 
	The import org.apache.kafka.common.config.AbstractConfig cannot be resolved
	The import org.apache.kafka.common.config.ConfigDef cannot be resolved
	The import org.apache.kafka.common.config.ConfigDef cannot be resolved
	The import org.apache.kafka.common.config.ConfigDef cannot be resolved
	AbstractConfig cannot be resolved to a type
	ConfigDef cannot be resolved to a type
	ConfigDef cannot be resolved to a type
	Type cannot be resolved to a variable
	Importance cannot be resolved to a variable
	Type cannot be resolved to a variable
	Importance cannot be resolved to a variable
	Type cannot be resolved to a variable
	Importance cannot be resolved to a variable
	Type cannot be resolved to a variable
	Importance cannot be resolved to a variable
	Type cannot be resolved to a variable
	Importance cannot be resolved to a variable
	Type cannot be resolved to a variable
	Importance cannot be resolved to a variable
	Type cannot be resolved to a variable
	Importance cannot be resolved to a variable
	Type cannot be resolved to a variable
	Importance cannot be resolved to a variable
	Type cannot be resolved to a variable
	Importance cannot be resolved to a variable
	Type cannot be resolved to a variable
	Importance cannot be resolved to a variable
	Type cannot be resolved to a variable
	Importance cannot be resolved to a variable
	Type cannot be resolved to a variable
	Importance cannot be resolved to a variable
	Type cannot be resolved to a variable
	Importance cannot be resolved to a variable
	Type cannot be resolved to a variable
	Importance cannot be resolved to a variable
	ConfigDef cannot be resolved to a type
	The method getString(String) is undefined for the type GraphQLSourceConnectorConfig
	The method getString(String) is undefined for the type GraphQLSourceConnectorConfig
	The method getString(String) is undefined for the type GraphQLSourceConnectorConfig
	The method getPassword(String) is undefined for the type GraphQLSourceConnectorConfig
	The method getString(String) is undefined for the type GraphQLSourceConnectorConfig
	The method getString(String) is undefined for the type GraphQLSourceConnectorConfig
	The method getString(String) is undefined for the type GraphQLSourceConnectorConfig
	The method getString(String) is undefined for the type GraphQLSourceConnectorConfig
	The method getInt(String) is undefined for the type GraphQLSourceConnectorConfig
	The method getLong(String) is undefined for the type GraphQLSourceConnectorConfig
	The method getString(String) is undefined for the type GraphQLSourceConnectorConfig
	The method getLong(String) is undefined for the type GraphQLSourceConnectorConfig
	The method getInt(String) is undefined for the type GraphQLSourceConnectorConfig
	The method getLong(String) is undefined for the type GraphQLSourceConnectorConfig

	at com.example.graphqlconnector.GraphQLSourceConnectorConfig.<init>(GraphQLSourceConnectorConfig.java:7)
	at com.example.graphqlconnector.GraphQLSourceTask.start(GraphQLSourceTask.java:83)
	at com.example.graphqlconnector.GraphQLSourceTaskTest.testStartWithValidConfig(GraphQLSourceTaskTest.java:47)
	at java.base/jdk.internal.reflect.DirectMethodHandleAccessor.invoke(DirectMethodHandleAccessor.java:104)
	at java.base/java.lang.reflect.Method.invoke(Method.java:565)
	at org.junit.runners.model.FrameworkMethod$1.runReflectiveCall(FrameworkMethod.java:59)
	at org.junit.internal.runners.model.ReflectiveCallable.run(ReflectiveCallable.java:12)
	at org.junit.runners.model.FrameworkMethod.invokeExplosively(FrameworkMethod.java:56)
	at org.junit.internal.runners.statements.InvokeMethod.evaluate(InvokeMethod.java:17)
	at org.junit.internal.runners.statements.RunBefores.evaluate(RunBefores.java:26)
	at org.junit.runners.ParentRunner$3.evaluate(ParentRunner.java:306)
	at org.junit.runners.BlockJUnit4ClassRunner$1.evaluate(BlockJUnit4ClassRunner.java:100)
	at org.junit.runners.ParentRunner.runLeaf(ParentRunner.java:366)
	at org.junit.runners.BlockJUnit4ClassRunner.runChild(BlockJUnit4ClassRunner.java:103)
	at org.junit.runners.BlockJUnit4ClassRunner.runChild(BlockJUnit4ClassRunner.java:63)
	at org.junit.runners.ParentRunner$4.run(ParentRunner.java:331)
	at org.junit.runners.ParentRunner$1.schedule(ParentRunner.java:79)
	at org.junit.runners.ParentRunner.runChildren(ParentRunner.java:329)
	at org.junit.runners.ParentRunner.access$100(ParentRunner.java:66)
	at org.junit.runners.ParentRunner$2.evaluate(ParentRunner.java:293)
	at org.junit.runners.ParentRunner$3.evaluate(ParentRunner.java:306)
	at org.junit.runners.ParentRunner.run(ParentRunner.java:413)
	at org.apache.maven.surefire.junit4.JUnit4Provider.execute(JUnit4Provider.java:316)
	at org.apache.maven.surefire.junit4.JUnit4Provider.executeWithRerun(JUnit4Provider.java:240)
	at org.apache.maven.surefire.junit4.JUnit4Provider.executeTestSet(JUnit4Provider.java:214)
	at org.apache.maven.surefire.junit4.JUnit4Provider.invoke(JUnit4Provider.java:155)
	at org.apache.maven.surefire.booter.ForkedBooter.runSuitesInProcess(ForkedBooter.java:385)
	at org.apache.maven.surefire.booter.ForkedBooter.execute(ForkedBooter.java:162)
	at org.apache.maven.surefire.booter.ForkedBooter.run(ForkedBooter.java:507)
	at org.apache.maven.surefire.booter.ForkedBooter.main(ForkedBooter.java:495)

com.example.graphqlconnector.GraphQLSourceTaskTest.testTopicNameWithoutPrefix -- Time elapsed: 0 s <<< ERROR!
java.lang.Error: 
Unresolved compilation problems: 
	The import org.apache.kafka.common.config.AbstractConfig cannot be resolved
	The import org.apache.kafka.common.config.ConfigDef cannot be resolved
	The import org.apache.kafka.common.config.ConfigDef cannot be resolved
	The import org.apache.kafka.common.config.ConfigDef cannot be resolved
	AbstractConfig cannot be resolved to a type
	ConfigDef cannot be resolved to a type
	ConfigDef cannot be resolved to a type
	Type cannot be resolved to a variable
	Importance cannot be resolved to a variable
	Type cannot be resolved to a variable
	Importance cannot be resolved to a variable
	Type cannot be resolved to a variable
	Importance cannot be resolved to a variable
	Type cannot be resolved to a variable
	Importance cannot be resolved to a variable
	Type cannot be resolved to a variable
	Importance cannot be resolved to a variable
	Type cannot be resolved to a variable
	Importance cannot be resolved to a variable
	Type cannot be resolved to a variable
	Importance cannot be resolved to a variable
	Type cannot be resolved to a variable
	Importance cannot be resolved to a variable
	Type cannot be resolved to a variable
	Importance cannot be resolved to a variable
	Type cannot be resolved to a variable
	Importance cannot be resolved to a variable
	Type cannot be resolved to a variable
	Importance cannot be resolved to a variable
	Type cannot be resolved to a variable
	Importance cannot be resolved to a variable
	Type cannot be resolved to a variable
	Importance cannot be resolved to a variable
	Type cannot be resolved to a variable
	Importance cannot be resolved to a variable
	ConfigDef cannot be resolved to a type
	The method getString(String) is undefined for the type GraphQLSourceConnectorConfig
	The method getString(String) is undefined for the type GraphQLSourceConnectorConfig
	The method getString(String) is undefined for the type GraphQLSourceConnectorConfig
	The method getPassword(String) is undefined for the type GraphQLSourceConnectorConfig
	The method getString(String) is undefined for the type GraphQLSourceConnectorConfig
	The method getString(String) is undefined for the type GraphQLSourceConnectorConfig
	The method getString(String) is undefined for the type GraphQLSourceConnectorConfig
	The method getString(String) is undefined for the type GraphQLSourceConnectorConfig
	The method getInt(String) is undefined for the type GraphQLSourceConnectorConfig
	The method getLong(String) is undefined for the type GraphQLSourceConnectorConfig
	The method getString(String) is undefined for the type GraphQLSourceConnectorConfig
	The method getLong(String) is undefined for the type GraphQLSourceConnectorConfig
	The method getInt(String) is undefined for the type GraphQLSourceConnectorConfig
	The method getLong(String) is undefined for the type GraphQLSourceConnectorConfig

	at com.example.graphqlconnector.GraphQLSourceConnectorConfig.<init>(GraphQLSourceConnectorConfig.java:7)
	at com.example.graphqlconnector.GraphQLSourceTask.start(GraphQLSourceTask.java:83)
	at com.example.graphqlconnector.GraphQLSourceTaskTest.testTopicNameWithoutPrefix(GraphQLSourceTaskTest.java:112)
	at java.base/jdk.internal.reflect.DirectMethodHandleAccessor.invoke(DirectMethodHandleAccessor.java:104)
	at java.base/java.lang.reflect.Method.invoke(Method.java:565)
	at org.junit.runners.model.FrameworkMethod$1.runReflectiveCall(FrameworkMethod.java:59)
	at org.junit.internal.runners.model.ReflectiveCallable.run(ReflectiveCallable.java:12)
	at org.junit.runners.model.FrameworkMethod.invokeExplosively(FrameworkMethod.java:56)
	at org.junit.internal.runners.statements.InvokeMethod.evaluate(InvokeMethod.java:17)
	at org.junit.internal.runners.statements.RunBefores.evaluate(RunBefores.java:26)
	at org.junit.runners.ParentRunner$3.evaluate(ParentRunner.java:306)
	at org.junit.runners.BlockJUnit4ClassRunner$1.evaluate(BlockJUnit4ClassRunner.java:100)
	at org.junit.runners.ParentRunner.runLeaf(ParentRunner.java:366)
	at org.junit.runners.BlockJUnit4ClassRunner.runChild(BlockJUnit4ClassRunner.java:103)
	at org.junit.runners.BlockJUnit4ClassRunner.runChild(BlockJUnit4ClassRunner.java:63)
	at org.junit.runners.ParentRunner$4.run(ParentRunner.java:331)
	at org.junit.runners.ParentRunner$1.schedule(ParentRunner.java:79)
	at org.junit.runners.ParentRunner.runChildren(ParentRunner.java:329)
	at org.junit.runners.ParentRunner.access$100(ParentRunner.java:66)
	at org.junit.runners.ParentRunner$2.evaluate(ParentRunner.java:293)
	at org.junit.runners.ParentRunner$3.evaluate(ParentRunner.java:306)
	at org.junit.runners.ParentRunner.run(ParentRunner.java:413)
	at org.apache.maven.surefire.junit4.JUnit4Provider.execute(JUnit4Provider.java:316)
	at org.apache.maven.surefire.junit4.JUnit4Provider.executeWithRerun(JUnit4Provider.java:240)
	at org.apache.maven.surefire.junit4.JUnit4Provider.executeTestSet(JUnit4Provider.java:214)
	at org.apache.maven.surefire.junit4.JUnit4Provider.invoke(JUnit4Provider.java:155)
	at org.apache.maven.surefire.booter.ForkedBooter.runSuitesInProcess(ForkedBooter.java:385)
	at org.apache.maven.surefire.booter.ForkedBooter.execute(ForkedBooter.java:162)
	at org.apache.maven.surefire.booter.ForkedBooter.run(ForkedBooter.java:507)
	at org.apache.maven.surefire.booter.ForkedBooter.main(ForkedBooter.java:495)

com.example.graphqlconnector.GraphQLSourceTaskTest.testStartWithInvalidConfig -- Time elapsed: 0 s <<< ERROR!
java.lang.Exception: Unexpected exception, expected<java.lang.RuntimeException> but was<java.lang.Error>
	at org.junit.internal.runners.statements.ExpectException.evaluate(ExpectException.java:30)
	at org.junit.internal.runners.statements.RunBefores.evaluate(RunBefores.java:26)
	at org.junit.runners.ParentRunner$3.evaluate(ParentRunner.java:306)
	at org.junit.runners.BlockJUnit4ClassRunner$1.evaluate(BlockJUnit4ClassRunner.java:100)
	at org.junit.runners.ParentRunner.runLeaf(ParentRunner.java:366)
	at org.junit.runners.BlockJUnit4ClassRunner.runChild(BlockJUnit4ClassRunner.java:103)
	at org.junit.runners.BlockJUnit4ClassRunner.runChild(BlockJUnit4ClassRunner.java:63)
	at org.junit.runners.ParentRunner$4.run(ParentRunner.java:331)
	at org.junit.runners.ParentRunner$1.schedule(ParentRunner.java:79)
	at org.junit.runners.ParentRunner.runChildren(ParentRunner.java:329)
	at org.junit.runners.ParentRunner.access$100(ParentRunner.java:66)
	at org.junit.runners.ParentRunner$2.evaluate(ParentRunner.java:293)
	at org.junit.runners.ParentRunner$3.evaluate(ParentRunner.java:306)
	at org.junit.runners.ParentRunner.run(ParentRunner.java:413)
	at org.apache.maven.surefire.junit4.JUnit4Provider.execute(JUnit4Provider.java:316)
	at org.apache.maven.surefire.junit4.JUnit4Provider.executeWithRerun(JUnit4Provider.java:240)
	at org.apache.maven.surefire.junit4.JUnit4Provider.executeTestSet(JUnit4Provider.java:214)
	at org.apache.maven.surefire.junit4.JUnit4Provider.invoke(JUnit4Provider.java:155)
	at org.apache.maven.surefire.booter.ForkedBooter.runSuitesInProcess(ForkedBooter.java:385)
	at org.apache.maven.surefire.booter.ForkedBooter.execute(ForkedBooter.java:162)
	at org.apache.maven.surefire.booter.ForkedBooter.run(ForkedBooter.java:507)
	at org.apache.maven.surefire.booter.ForkedBooter.main(ForkedBooter.java:495)
Caused by: java.lang.Error: Unresolved compilation problems: 
	The import org.apache.kafka.common.config.AbstractConfig cannot be resolved
	The import org.apache.kafka.common.config.ConfigDef cannot be resolved
	The import org.apache.kafka.common.config.ConfigDef cannot be resolved
	The import org.apache.kafka.common.config.ConfigDef cannot be resolved
	AbstractConfig cannot be resolved to a type
	ConfigDef cannot be resolved to a type
	ConfigDef cannot be resolved to a type
	Type cannot be resolved to a variable
	Importance cannot be resolved to a variable
	Type cannot be resolved to a variable
	Importance cannot be resolved to a variable
	Type cannot be resolved to a variable
	Importance cannot be resolved to a variable
	Type cannot be resolved to a variable
	Importance cannot be resolved to a variable
	Type cannot be resolved to a variable
	Importance cannot be resolved to a variable
	Type cannot be resolved to a variable
	Importance cannot be resolved to a variable
	Type cannot be resolved to a variable
	Importance cannot be resolved to a variable
	Type cannot be resolved to a variable
	Importance cannot be resolved to a variable
	Type cannot be resolved to a variable
	Importance cannot be resolved to a variable
	Type cannot be resolved to a variable
	Importance cannot be resolved to a variable
	Type cannot be resolved to a variable
	Importance cannot be resolved to a variable
	Type cannot be resolved to a variable
	Importance cannot be resolved to a variable
	Type cannot be resolved to a variable
	Importance cannot be resolved to a variable
	Type cannot be resolved to a variable
	Importance cannot be resolved to a variable
	ConfigDef cannot be resolved to a type
	The method getString(String) is undefined for the type GraphQLSourceConnectorConfig
	The method getString(String) is undefined for the type GraphQLSourceConnectorConfig
	The method getString(String) is undefined for the type GraphQLSourceConnectorConfig
	The method getPassword(String) is undefined for the type GraphQLSourceConnectorConfig
	The method getString(String) is undefined for the type GraphQLSourceConnectorConfig
	The method getString(String) is undefined for the type GraphQLSourceConnectorConfig
	The method getString(String) is undefined for the type GraphQLSourceConnectorConfig
	The method getString(String) is undefined for the type GraphQLSourceConnectorConfig
	The method getInt(String) is undefined for the type GraphQLSourceConnectorConfig
	The method getLong(String) is undefined for the type GraphQLSourceConnectorConfig
	The method getString(String) is undefined for the type GraphQLSourceConnectorConfig
	The method getLong(String) is undefined for the type GraphQLSourceConnectorConfig
	The method getInt(String) is undefined for the type GraphQLSourceConnectorConfig
	The method getLong(String) is undefined for the type GraphQLSourceConnectorConfig

	at com.example.graphqlconnector.GraphQLSourceConnectorConfig.<init>(GraphQLSourceConnectorConfig.java:7)
	at com.example.graphqlconnector.GraphQLSourceTask.start(GraphQLSourceTask.java:83)
	at com.example.graphqlconnector.GraphQLSourceTaskTest.testStartWithInvalidConfig(GraphQLSourceTaskTest.java:58)
	at java.base/jdk.internal.reflect.DirectMethodHandleAccessor.invoke(DirectMethodHandleAccessor.java:104)
	at java.base/java.lang.reflect.Method.invoke(Method.java:565)
	at org.junit.runners.model.FrameworkMethod$1.runReflectiveCall(FrameworkMethod.java:59)
	at org.junit.internal.runners.model.ReflectiveCallable.run(ReflectiveCallable.java:12)
	at org.junit.runners.model.FrameworkMethod.invokeExplosively(FrameworkMethod.java:56)
	at org.junit.internal.runners.statements.InvokeMethod.evaluate(InvokeMethod.java:17)
	at org.junit.internal.runners.statements.ExpectException.evaluate(ExpectException.java:19)
	... 21 more

com.example.graphqlconnector.GraphQLSourceTaskTest.testCorrelationIdGeneration -- Time elapsed: 0.001 s <<< ERROR!
java.lang.Error: 
Unresolved compilation problems: 
	The import org.apache.kafka.common.config.AbstractConfig cannot be resolved
	The import org.apache.kafka.common.config.ConfigDef cannot be resolved
	The import org.apache.kafka.common.config.ConfigDef cannot be resolved
	The import org.apache.kafka.common.config.ConfigDef cannot be resolved
	AbstractConfig cannot be resolved to a type
	ConfigDef cannot be resolved to a type
	ConfigDef cannot be resolved to a type
	Type cannot be resolved to a variable
	Importance cannot be resolved to a variable
	Type cannot be resolved to a variable
	Importance cannot be resolved to a variable
	Type cannot be resolved to a variable
	Importance cannot be resolved to a variable
	Type cannot be resolved to a variable
	Importance cannot be resolved to a variable
	Type cannot be resolved to a variable
	Importance cannot be resolved to a variable
	Type cannot be resolved to a variable
	Importance cannot be resolved to a variable
	Type cannot be resolved to a variable
	Importance cannot be resolved to a variable
	Type cannot be resolved to a variable
	Importance cannot be resolved to a variable
	Type cannot be resolved to a variable
	Importance cannot be resolved to a variable
	Type cannot be resolved to a variable
	Importance cannot be resolved to a variable
	Type cannot be resolved to a variable
	Importance cannot be resolved to a variable
	Type cannot be resolved to a variable
	Importance cannot be resolved to a variable
	Type cannot be resolved to a variable
	Importance cannot be resolved to a variable
	Type cannot be resolved to a variable
	Importance cannot be resolved to a variable
	ConfigDef cannot be resolved to a type
	The method getString(String) is undefined for the type GraphQLSourceConnectorConfig
	The method getString(String) is undefined for the type GraphQLSourceConnectorConfig
	The method getString(String) is undefined for the type GraphQLSourceConnectorConfig
	The method getPassword(String) is undefined for the type GraphQLSourceConnectorConfig
	The method getString(String) is undefined for the type GraphQLSourceConnectorConfig
	The method getString(String) is undefined for the type GraphQLSourceConnectorConfig
	The method getString(String) is undefined for the type GraphQLSourceConnectorConfig
	The method getString(String) is undefined for the type GraphQLSourceConnectorConfig
	The method getInt(String) is undefined for the type GraphQLSourceConnectorConfig
	The method getLong(String) is undefined for the type GraphQLSourceConnectorConfig
	The method getString(String) is undefined for the type GraphQLSourceConnectorConfig
	The method getLong(String) is undefined for the type GraphQLSourceConnectorConfig
	The method getInt(String) is undefined for the type GraphQLSourceConnectorConfig
	The method getLong(String) is undefined for the type GraphQLSourceConnectorConfig

	at com.example.graphqlconnector.GraphQLSourceConnectorConfig.<init>(GraphQLSourceConnectorConfig.java:7)
	at com.example.graphqlconnector.GraphQLSourceTask.start(GraphQLSourceTask.java:83)
	at com.example.graphqlconnector.GraphQLSourceTaskTest.testCorrelationIdGeneration(GraphQLSourceTaskTest.java:122)
	at java.base/jdk.internal.reflect.DirectMethodHandleAccessor.invoke(DirectMethodHandleAccessor.java:104)
	at java.base/java.lang.reflect.Method.invoke(Method.java:565)
	at org.junit.runners.model.FrameworkMethod$1.runReflectiveCall(FrameworkMethod.java:59)
	at org.junit.internal.runners.model.ReflectiveCallable.run(ReflectiveCallable.java:12)
	at org.junit.runners.model.FrameworkMethod.invokeExplosively(FrameworkMethod.java:56)
	at org.junit.internal.runners.statements.InvokeMethod.evaluate(InvokeMethod.java:17)
	at org.junit.internal.runners.statements.RunBefores.evaluate(RunBefores.java:26)
	at org.junit.runners.ParentRunner$3.evaluate(ParentRunner.java:306)
	at org.junit.runners.BlockJUnit4ClassRunner$1.evaluate(BlockJUnit4ClassRunner.java:100)
	at org.junit.runners.ParentRunner.runLeaf(ParentRunner.java:366)
	at org.junit.runners.BlockJUnit4ClassRunner.runChild(BlockJUnit4ClassRunner.java:103)
	at org.junit.runners.BlockJUnit4ClassRunner.runChild(BlockJUnit4ClassRunner.java:63)
	at org.junit.runners.ParentRunner$4.run(ParentRunner.java:331)
	at org.junit.runners.ParentRunner$1.schedule(ParentRunner.java:79)
	at org.junit.runners.ParentRunner.runChildren(ParentRunner.java:329)
	at org.junit.runners.ParentRunner.access$100(ParentRunner.java:66)
	at org.junit.runners.ParentRunner$2.evaluate(ParentRunner.java:293)
	at org.junit.runners.ParentRunner$3.evaluate(ParentRunner.java:306)
	at org.junit.runners.ParentRunner.run(ParentRunner.java:413)
	at org.apache.maven.surefire.junit4.JUnit4Provider.execute(JUnit4Provider.java:316)
	at org.apache.maven.surefire.junit4.JUnit4Provider.executeWithRerun(JUnit4Provider.java:240)
	at org.apache.maven.surefire.junit4.JUnit4Provider.executeTestSet(JUnit4Provider.java:214)
	at org.apache.maven.surefire.junit4.JUnit4Provider.invoke(JUnit4Provider.java:155)
	at org.apache.maven.surefire.booter.ForkedBooter.runSuitesInProcess(ForkedBooter.java:385)
	at org.apache.maven.surefire.booter.ForkedBooter.execute(ForkedBooter.java:162)
	at org.apache.maven.surefire.booter.ForkedBooter.run(ForkedBooter.java:507)
	at org.apache.maven.surefire.booter.ForkedBooter.main(ForkedBooter.java:495)

com.example.graphqlconnector.GraphQLSourceTaskTest.testGraphQLQueryConfiguration -- Time elapsed: 0.001 s <<< ERROR!
java.lang.Error: 
Unresolved compilation problems: 
	The import org.apache.kafka.common.config.AbstractConfig cannot be resolved
	The import org.apache.kafka.common.config.ConfigDef cannot be resolved
	The import org.apache.kafka.common.config.ConfigDef cannot be resolved
	The import org.apache.kafka.common.config.ConfigDef cannot be resolved
	AbstractConfig cannot be resolved to a type
	ConfigDef cannot be resolved to a type
	ConfigDef cannot be resolved to a type
	Type cannot be resolved to a variable
	Importance cannot be resolved to a variable
	Type cannot be resolved to a variable
	Importance cannot be resolved to a variable
	Type cannot be resolved to a variable
	Importance cannot be resolved to a variable
	Type cannot be resolved to a variable
	Importance cannot be resolved to a variable
	Type cannot be resolved to a variable
	Importance cannot be resolved to a variable
	Type cannot be resolved to a variable
	Importance cannot be resolved to a variable
	Type cannot be resolved to a variable
	Importance cannot be resolved to a variable
	Type cannot be resolved to a variable
	Importance cannot be resolved to a variable
	Type cannot be resolved to a variable
	Importance cannot be resolved to a variable
	Type cannot be resolved to a variable
	Importance cannot be resolved to a variable
	Type cannot be resolved to a variable
	Importance cannot be resolved to a variable
	Type cannot be resolved to a variable
	Importance cannot be resolved to a variable
	Type cannot be resolved to a variable
	Importance cannot be resolved to a variable
	Type cannot be resolved to a variable
	Importance cannot be resolved to a variable
	ConfigDef cannot be resolved to a type
	The method getString(String) is undefined for the type GraphQLSourceConnectorConfig
	The method getString(String) is undefined for the type GraphQLSourceConnectorConfig
	The method getString(String) is undefined for the type GraphQLSourceConnectorConfig
	The method getPassword(String) is undefined for the type GraphQLSourceConnectorConfig
	The method getString(String) is undefined for the type GraphQLSourceConnectorConfig
	The method getString(String) is undefined for the type GraphQLSourceConnectorConfig
	The method getString(String) is undefined for the type GraphQLSourceConnectorConfig
	The method getString(String) is undefined for the type GraphQLSourceConnectorConfig
	The method getInt(String) is undefined for the type GraphQLSourceConnectorConfig
	The method getLong(String) is undefined for the type GraphQLSourceConnectorConfig
	The method getString(String) is undefined for the type GraphQLSourceConnectorConfig
	The method getLong(String) is undefined for the type GraphQLSourceConnectorConfig
	The method getInt(String) is undefined for the type GraphQLSourceConnectorConfig
	The method getLong(String) is undefined for the type GraphQLSourceConnectorConfig

	at com.example.graphqlconnector.GraphQLSourceConnectorConfig.<init>(GraphQLSourceConnectorConfig.java:7)
	at com.example.graphqlconnector.GraphQLSourceTask.start(GraphQLSourceTask.java:83)
	at com.example.graphqlconnector.GraphQLSourceTaskTest.testGraphQLQueryConfiguration(GraphQLSourceTaskTest.java:85)
	at java.base/jdk.internal.reflect.DirectMethodHandleAccessor.invoke(DirectMethodHandleAccessor.java:104)
	at java.base/java.lang.reflect.Method.invoke(Method.java:565)
	at org.junit.runners.model.FrameworkMethod$1.runReflectiveCall(FrameworkMethod.java:59)
	at org.junit.internal.runners.model.ReflectiveCallable.run(ReflectiveCallable.java:12)
	at org.junit.runners.model.FrameworkMethod.invokeExplosively(FrameworkMethod.java:56)
	at org.junit.internal.runners.statements.InvokeMethod.evaluate(InvokeMethod.java:17)
	at org.junit.internal.runners.statements.RunBefores.evaluate(RunBefores.java:26)
	at org.junit.runners.ParentRunner$3.evaluate(ParentRunner.java:306)
	at org.junit.runners.BlockJUnit4ClassRunner$1.evaluate(BlockJUnit4ClassRunner.java:100)
	at org.junit.runners.ParentRunner.runLeaf(ParentRunner.java:366)
	at org.junit.runners.BlockJUnit4ClassRunner.runChild(BlockJUnit4ClassRunner.java:103)
	at org.junit.runners.BlockJUnit4ClassRunner.runChild(BlockJUnit4ClassRunner.java:63)
	at org.junit.runners.ParentRunner$4.run(ParentRunner.java:331)
	at org.junit.runners.ParentRunner$1.schedule(ParentRunner.java:79)
	at org.junit.runners.ParentRunner.runChildren(ParentRunner.java:329)
	at org.junit.runners.ParentRunner.access$100(ParentRunner.java:66)
	at org.junit.runners.ParentRunner$2.evaluate(ParentRunner.java:293)
	at org.junit.runners.ParentRunner$3.evaluate(ParentRunner.java:306)
	at org.junit.runners.ParentRunner.run(ParentRunner.java:413)
	at org.apache.maven.surefire.junit4.JUnit4Provider.execute(JUnit4Provider.java:316)
	at org.apache.maven.surefire.junit4.JUnit4Provider.executeWithRerun(JUnit4Provider.java:240)
	at org.apache.maven.surefire.junit4.JUnit4Provider.executeTestSet(JUnit4Provider.java:214)
	at org.apache.maven.surefire.junit4.JUnit4Provider.invoke(JUnit4Provider.java:155)
	at org.apache.maven.surefire.booter.ForkedBooter.runSuitesInProcess(ForkedBooter.java:385)
	at org.apache.maven.surefire.booter.ForkedBooter.execute(ForkedBooter.java:162)
	at org.apache.maven.surefire.booter.ForkedBooter.run(ForkedBooter.java:507)
	at org.apache.maven.surefire.booter.ForkedBooter.main(ForkedBooter.java:495)

com.example.graphqlconnector.GraphQLSourceTaskTest.testStartWithMissingQuery -- Time elapsed: 0.001 s <<< ERROR!
java.lang.Exception: Unexpected exception, expected<java.lang.RuntimeException> but was<java.lang.Error>
	at org.junit.internal.runners.statements.ExpectException.evaluate(ExpectException.java:30)
	at org.junit.internal.runners.statements.RunBefores.evaluate(RunBefores.java:26)
	at org.junit.runners.ParentRunner$3.evaluate(ParentRunner.java:306)
	at org.junit.runners.BlockJUnit4ClassRunner$1.evaluate(BlockJUnit4ClassRunner.java:100)
	at org.junit.runners.ParentRunner.runLeaf(ParentRunner.java:366)
	at org.junit.runners.BlockJUnit4ClassRunner.runChild(BlockJUnit4ClassRunner.java:103)
	at org.junit.runners.BlockJUnit4ClassRunner.runChild(BlockJUnit4ClassRunner.java:63)
	at org.junit.runners.ParentRunner$4.run(ParentRunner.java:331)
	at org.junit.runners.ParentRunner$1.schedule(ParentRunner.java:79)
	at org.junit.runners.ParentRunner.runChildren(ParentRunner.java:329)
	at org.junit.runners.ParentRunner.access$100(ParentRunner.java:66)
	at org.junit.runners.ParentRunner$2.evaluate(ParentRunner.java:293)
	at org.junit.runners.ParentRunner$3.evaluate(ParentRunner.java:306)
	at org.junit.runners.ParentRunner.run(ParentRunner.java:413)
	at org.apache.maven.surefire.junit4.JUnit4Provider.execute(JUnit4Provider.java:316)
	at org.apache.maven.surefire.junit4.JUnit4Provider.executeWithRerun(JUnit4Provider.java:240)
	at org.apache.maven.surefire.junit4.JUnit4Provider.executeTestSet(JUnit4Provider.java:214)
	at org.apache.maven.surefire.junit4.JUnit4Provider.invoke(JUnit4Provider.java:155)
	at org.apache.maven.surefire.booter.ForkedBooter.runSuitesInProcess(ForkedBooter.java:385)
	at org.apache.maven.surefire.booter.ForkedBooter.execute(ForkedBooter.java:162)
	at org.apache.maven.surefire.booter.ForkedBooter.run(ForkedBooter.java:507)
	at org.apache.maven.surefire.booter.ForkedBooter.main(ForkedBooter.java:495)
Caused by: java.lang.Error: Unresolved compilation problems: 
	The import org.apache.kafka.common.config.AbstractConfig cannot be resolved
	The import org.apache.kafka.common.config.ConfigDef cannot be resolved
	The import org.apache.kafka.common.config.ConfigDef cannot be resolved
	The import org.apache.kafka.common.config.ConfigDef cannot be resolved
	AbstractConfig cannot be resolved to a type
	ConfigDef cannot be resolved to a type
	ConfigDef cannot be resolved to a type
	Type cannot be resolved to a variable
	Importance cannot be resolved to a variable
	Type cannot be resolved to a variable
	Importance cannot be resolved to a variable
	Type cannot be resolved to a variable
	Importance cannot be resolved to a variable
	Type cannot be resolved to a variable
	Importance cannot be resolved to a variable
	Type cannot be resolved to a variable
	Importance cannot be resolved to a variable
	Type cannot be resolved to a variable
	Importance cannot be resolved to a variable
	Type cannot be resolved to a variable
	Importance cannot be resolved to a variable
	Type cannot be resolved to a variable
	Importance cannot be resolved to a variable
	Type cannot be resolved to a variable
	Importance cannot be resolved to a variable
	Type cannot be resolved to a variable
	Importance cannot be resolved to a variable
	Type cannot be resolved to a variable
	Importance cannot be resolved to a variable
	Type cannot be resolved to a variable
	Importance cannot be resolved to a variable
	Type cannot be resolved to a variable
	Importance cannot be resolved to a variable
	Type cannot be resolved to a variable
	Importance cannot be resolved to a variable
	ConfigDef cannot be resolved to a type
	The method getString(String) is undefined for the type GraphQLSourceConnectorConfig
	The method getString(String) is undefined for the type GraphQLSourceConnectorConfig
	The method getString(String) is undefined for the type GraphQLSourceConnectorConfig
	The method getPassword(String) is undefined for the type GraphQLSourceConnectorConfig
	The method getString(String) is undefined for the type GraphQLSourceConnectorConfig
	The method getString(String) is undefined for the type GraphQLSourceConnectorConfig
	The method getString(String) is undefined for the type GraphQLSourceConnectorConfig
	The method getString(String) is undefined for the type GraphQLSourceConnectorConfig
	The method getInt(String) is undefined for the type GraphQLSourceConnectorConfig
	The method getLong(String) is undefined for the type GraphQLSourceConnectorConfig
	The method getString(String) is undefined for the type GraphQLSourceConnectorConfig
	The method getLong(String) is undefined for the type GraphQLSourceConnectorConfig
	The method getInt(String) is undefined for the type GraphQLSourceConnectorConfig
	The method getLong(String) is undefined for the type GraphQLSourceConnectorConfig

	at com.example.graphqlconnector.GraphQLSourceConnectorConfig.<init>(GraphQLSourceConnectorConfig.java:7)
	at com.example.graphqlconnector.GraphQLSourceTask.start(GraphQLSourceTask.java:83)
	at com.example.graphqlconnector.GraphQLSourceTaskTest.testStartWithMissingQuery(GraphQLSourceTaskTest.java:68)
	at java.base/jdk.internal.reflect.DirectMethodHandleAccessor.invoke(DirectMethodHandleAccessor.java:104)
	at java.base/java.lang.reflect.Method.invoke(Method.java:565)
	at org.junit.runners.model.FrameworkMethod$1.runReflectiveCall(FrameworkMethod.java:59)
	at org.junit.internal.runners.model.ReflectiveCallable.run(ReflectiveCallable.java:12)
	at org.junit.runners.model.FrameworkMethod.invokeExplosively(FrameworkMethod.java:56)
	at org.junit.internal.runners.statements.InvokeMethod.evaluate(InvokeMethod.java:17)
	at org.junit.internal.runners.statements.ExpectException.evaluate(ExpectException.java:19)
	... 21 more

com.example.graphqlconnector.GraphQLSourceTaskTest.testTopicNameGeneration -- Time elapsed: 0.001 s <<< ERROR!
java.lang.Error: 
Unresolved compilation problems: 
	The import org.apache.kafka.common.config.AbstractConfig cannot be resolved
	The import org.apache.kafka.common.config.ConfigDef cannot be resolved
	The import org.apache.kafka.common.config.ConfigDef cannot be resolved
	The import org.apache.kafka.common.config.ConfigDef cannot be resolved
	AbstractConfig cannot be resolved to a type
	ConfigDef cannot be resolved to a type
	ConfigDef cannot be resolved to a type
	Type cannot be resolved to a variable
	Importance cannot be resolved to a variable
	Type cannot be resolved to a variable
	Importance cannot be resolved to a variable
	Type cannot be resolved to a variable
	Importance cannot be resolved to a variable
	Type cannot be resolved to a variable
	Importance cannot be resolved to a variable
	Type cannot be resolved to a variable
	Importance cannot be resolved to a variable
	Type cannot be resolved to a variable
	Importance cannot be resolved to a variable
	Type cannot be resolved to a variable
	Importance cannot be resolved to a variable
	Type cannot be resolved to a variable
	Importance cannot be resolved to a variable
	Type cannot be resolved to a variable
	Importance cannot be resolved to a variable
	Type cannot be resolved to a variable
	Importance cannot be resolved to a variable
	Type cannot be resolved to a variable
	Importance cannot be resolved to a variable
	Type cannot be resolved to a variable
	Importance cannot be resolved to a variable
	Type cannot be resolved to a variable
	Importance cannot be resolved to a variable
	Type cannot be resolved to a variable
	Importance cannot be resolved to a variable
	ConfigDef cannot be resolved to a type
	The method getString(String) is undefined for the type GraphQLSourceConnectorConfig
	The method getString(String) is undefined for the type GraphQLSourceConnectorConfig
	The method getString(String) is undefined for the type GraphQLSourceConnectorConfig
	The method getPassword(String) is undefined for the type GraphQLSourceConnectorConfig
	The method getString(String) is undefined for the type GraphQLSourceConnectorConfig
	The method getString(String) is undefined for the type GraphQLSourceConnectorConfig
	The method getString(String) is undefined for the type GraphQLSourceConnectorConfig
	The method getString(String) is undefined for the type GraphQLSourceConnectorConfig
	The method getInt(String) is undefined for the type GraphQLSourceConnectorConfig
	The method getLong(String) is undefined for the type GraphQLSourceConnectorConfig
	The method getString(String) is undefined for the type GraphQLSourceConnectorConfig
	The method getLong(String) is undefined for the type GraphQLSourceConnectorConfig
	The method getInt(String) is undefined for the type GraphQLSourceConnectorConfig
	The method getLong(String) is undefined for the type GraphQLSourceConnectorConfig

	at com.example.graphqlconnector.GraphQLSourceConnectorConfig.<init>(GraphQLSourceConnectorConfig.java:7)
	at com.example.graphqlconnector.GraphQLSourceTask.start(GraphQLSourceTask.java:83)
	at com.example.graphqlconnector.GraphQLSourceTaskTest.testTopicNameGeneration(GraphQLSourceTaskTest.java:102)
	at java.base/jdk.internal.reflect.DirectMethodHandleAccessor.invoke(DirectMethodHandleAccessor.java:104)
	at java.base/java.lang.reflect.Method.invoke(Method.java:565)
	at org.junit.runners.model.FrameworkMethod$1.runReflectiveCall(FrameworkMethod.java:59)
	at org.junit.internal.runners.model.ReflectiveCallable.run(ReflectiveCallable.java:12)
	at org.junit.runners.model.FrameworkMethod.invokeExplosively(FrameworkMethod.java:56)
	at org.junit.internal.runners.statements.InvokeMethod.evaluate(InvokeMethod.java:17)
	at org.junit.internal.runners.statements.RunBefores.evaluate(RunBefores.java:26)
	at org.junit.runners.ParentRunner$3.evaluate(ParentRunner.java:306)
	at org.junit.runners.BlockJUnit4ClassRunner$1.evaluate(BlockJUnit4ClassRunner.java:100)
	at org.junit.runners.ParentRunner.runLeaf(ParentRunner.java:366)
	at org.junit.runners.BlockJUnit4ClassRunner.runChild(BlockJUnit4ClassRunner.java:103)
	at org.junit.runners.BlockJUnit4ClassRunner.runChild(BlockJUnit4ClassRunner.java:63)
	at org.junit.runners.ParentRunner$4.run(ParentRunner.java:331)
	at org.junit.runners.ParentRunner$1.schedule(ParentRunner.java:79)
	at org.junit.runners.ParentRunner.runChildren(ParentRunner.java:329)
	at org.junit.runners.ParentRunner.access$100(ParentRunner.java:66)
	at org.junit.runners.ParentRunner$2.evaluate(ParentRunner.java:293)
	at org.junit.runners.ParentRunner$3.evaluate(ParentRunner.java:306)
	at org.junit.runners.ParentRunner.run(ParentRunner.java:413)
	at org.apache.maven.surefire.junit4.JUnit4Provider.execute(JUnit4Provider.java:316)
	at org.apache.maven.surefire.junit4.JUnit4Provider.executeWithRerun(JUnit4Provider.java:240)
	at org.apache.maven.surefire.junit4.JUnit4Provider.executeTestSet(JUnit4Provider.java:214)
	at org.apache.maven.surefire.junit4.JUnit4Provider.invoke(JUnit4Provider.java:155)
	at org.apache.maven.surefire.booter.ForkedBooter.runSuitesInProcess(ForkedBooter.java:385)
	at org.apache.maven.surefire.booter.ForkedBooter.execute(ForkedBooter.java:162)
	at org.apache.maven.surefire.booter.ForkedBooter.run(ForkedBooter.java:507)
	at org.apache.maven.surefire.booter.ForkedBooter.main(ForkedBooter.java:495)

