<?xml version="1.0" encoding="UTF-8"?>
<testsuite xmlns:xsi="http://www.w3.org/2001/XMLSchema-instance" xsi:noNamespaceSchemaLocation="https://maven.apache.org/surefire/maven-surefire-plugin/xsd/surefire-test-report-3.0.xsd" version="3.0" name="com.example.graphqlconnector.GraphQLSourceConnectorConfigTest" time="0.001" tests="4" errors="0" skipped="0" failures="0">
  <properties>
[...]
</properties>
  <testcase name="testValidConfiguration" classname="com.example.graphqlconnector.GraphQLSourceConnectorConfigTest" time="0.0">
    <system-err><![CDATA[[main] INFO com.example.graphqlconnector.GraphQLSourceConnectorConfig - GraphQLSourceConnectorConfig values: 
	entity.name = users
	graphql.endpoint.url = https://api.example.com/graphql
	graphql.headers = 
	max.retries = 3
	offset.field = id
	polling.interval.ms = 60000
	query.timeout.ms = 30000
	result.size = 50
	retry.backoff.ms = 1000
	selected.columns = [id, name, email]
	topic.prefix = test_

]]></system-err>
  </testcase>
  <testcase name="testDefaultValues" classname="com.example.graphqlconnector.GraphQLSourceConnectorConfigTest" time="0.001">
    <system-err><![CDATA[[main] INFO com.example.graphqlconnector.GraphQLSourceConnectorConfig - GraphQLSourceConnectorConfig values: 
	entity.name = users
	graphql.endpoint.url = https://api.example.com/graphql
	graphql.headers = 
	max.retries = 3
	offset.field = id
	polling.interval.ms = 30000
	query.timeout.ms = 30000
	result.size = 100
	retry.backoff.ms = 1000
	selected.columns = [id, name]
	topic.prefix = 

]]></system-err>
  </testcase>
  <testcase name="testHeadersParsing" classname="com.example.graphqlconnector.GraphQLSourceConnectorConfigTest" time="0.0">
    <system-err><![CDATA[[main] INFO com.example.graphqlconnector.GraphQLSourceConnectorConfig - GraphQLSourceConnectorConfig values: 
	entity.name = users
	graphql.endpoint.url = https://api.example.com/graphql
	graphql.headers = Authorization:Bearer token123,Content-Type:application/json
	max.retries = 3
	offset.field = id
	polling.interval.ms = 60000
	query.timeout.ms = 30000
	result.size = 50
	retry.backoff.ms = 1000
	selected.columns = [id, name, email]
	topic.prefix = test_

]]></system-err>
  </testcase>
  <testcase name="testEmptyHeaders" classname="com.example.graphqlconnector.GraphQLSourceConnectorConfigTest" time="0.0">
    <system-err><![CDATA[[main] INFO com.example.graphqlconnector.GraphQLSourceConnectorConfig - GraphQLSourceConnectorConfig values: 
	entity.name = users
	graphql.endpoint.url = https://api.example.com/graphql
	graphql.headers = 
	max.retries = 3
	offset.field = id
	polling.interval.ms = 60000
	query.timeout.ms = 30000
	result.size = 50
	retry.backoff.ms = 1000
	selected.columns = [id, name, email]
	topic.prefix = test_

]]></system-err>
  </testcase>
</testsuite>