<?xml version="1.0" encoding="UTF-8"?>
<testsuite xmlns:xsi="http://www.w3.org/2001/XMLSchema-instance" xsi:noNamespaceSchemaLocation="https://maven.apache.org/surefire/maven-surefire-plugin/xsd/surefire-test-report-3.0.xsd" version="3.0" name="com.example.graphqlconnector.GraphQLSourceConnectorConfigTest" time="0.0" tests="4" errors="4" skipped="0" failures="0">
  <properties>
[...]
</properties>
  <testcase name="testValidConfiguration" classname="com.example.graphqlconnector.GraphQLSourceConnectorConfigTest" time="0.0">
    <error message="Unresolved compilation problems: &#10;	The import org.apache.kafka.common.config.AbstractConfig cannot be resolved&#10;	The import org.apache.kafka.common.config.ConfigDef cannot be resolved&#10;	The import org.apache.kafka.common.config.ConfigDef cannot be resolved&#10;	The import org.apache.kafka.common.config.ConfigDef cannot be resolved&#10;	AbstractConfig cannot be resolved to a type&#10;	ConfigDef cannot be resolved to a type&#10;	ConfigDef cannot be resolved to a type&#10;	Type cannot be resolved to a variable&#10;	Importance cannot be resolved to a variable&#10;	Type cannot be resolved to a variable&#10;	Importance cannot be resolved to a variable&#10;	Type cannot be resolved to a variable&#10;	Importance cannot be resolved to a variable&#10;	Type cannot be resolved to a variable&#10;	Importance cannot be resolved to a variable&#10;	Type cannot be resolved to a variable&#10;	Importance cannot be resolved to a variable&#10;	Type cannot be resolved to a variable&#10;	Importance cannot be resolved to a variable&#10;	Type cannot be resolved to a variable&#10;	Importance cannot be resolved to a variable&#10;	Type cannot be resolved to a variable&#10;	Importance cannot be resolved to a variable&#10;	Type cannot be resolved to a variable&#10;	Importance cannot be resolved to a variable&#10;	Type cannot be resolved to a variable&#10;	Importance cannot be resolved to a variable&#10;	Type cannot be resolved to a variable&#10;	Importance cannot be resolved to a variable&#10;	Type cannot be resolved to a variable&#10;	Importance cannot be resolved to a variable&#10;	Type cannot be resolved to a variable&#10;	Importance cannot be resolved to a variable&#10;	Type cannot be resolved to a variable&#10;	Importance cannot be resolved to a variable&#10;	ConfigDef cannot be resolved to a type&#10;	The method getString(String) is undefined for the type GraphQLSourceConnectorConfig&#10;	The method getString(String) is undefined for the type GraphQLSourceConnectorConfig&#10;	The method getString(String) is undefined for the type GraphQLSourceConnectorConfig&#10;	The method getPassword(String) is undefined for the type GraphQLSourceConnectorConfig&#10;	The method getString(String) is undefined for the type GraphQLSourceConnectorConfig&#10;	The method getString(String) is undefined for the type GraphQLSourceConnectorConfig&#10;	The method getString(String) is undefined for the type GraphQLSourceConnectorConfig&#10;	The method getString(String) is undefined for the type GraphQLSourceConnectorConfig&#10;	The method getInt(String) is undefined for the type GraphQLSourceConnectorConfig&#10;	The method getLong(String) is undefined for the type GraphQLSourceConnectorConfig&#10;	The method getString(String) is undefined for the type GraphQLSourceConnectorConfig&#10;	The method getLong(String) is undefined for the type GraphQLSourceConnectorConfig&#10;	The method getInt(String) is undefined for the type GraphQLSourceConnectorConfig&#10;	The method getLong(String) is undefined for the type GraphQLSourceConnectorConfig&#10;" type="java.lang.Error"><![CDATA[java.lang.Error: 
Unresolved compilation problems: 
	The import org.apache.kafka.common.config.AbstractConfig cannot be resolved
	The import org.apache.kafka.common.config.ConfigDef cannot be resolved
	The import org.apache.kafka.common.config.ConfigDef cannot be resolved
	The import org.apache.kafka.common.config.ConfigDef cannot be resolved
	AbstractConfig cannot be resolved to a type
	ConfigDef cannot be resolved to a type
	ConfigDef cannot be resolved to a type
	Type cannot be resolved to a variable
	Importance cannot be resolved to a variable
	Type cannot be resolved to a variable
	Importance cannot be resolved to a variable
	Type cannot be resolved to a variable
	Importance cannot be resolved to a variable
	Type cannot be resolved to a variable
	Importance cannot be resolved to a variable
	Type cannot be resolved to a variable
	Importance cannot be resolved to a variable
	Type cannot be resolved to a variable
	Importance cannot be resolved to a variable
	Type cannot be resolved to a variable
	Importance cannot be resolved to a variable
	Type cannot be resolved to a variable
	Importance cannot be resolved to a variable
	Type cannot be resolved to a variable
	Importance cannot be resolved to a variable
	Type cannot be resolved to a variable
	Importance cannot be resolved to a variable
	Type cannot be resolved to a variable
	Importance cannot be resolved to a variable
	Type cannot be resolved to a variable
	Importance cannot be resolved to a variable
	Type cannot be resolved to a variable
	Importance cannot be resolved to a variable
	Type cannot be resolved to a variable
	Importance cannot be resolved to a variable
	ConfigDef cannot be resolved to a type
	The method getString(String) is undefined for the type GraphQLSourceConnectorConfig
	The method getString(String) is undefined for the type GraphQLSourceConnectorConfig
	The method getString(String) is undefined for the type GraphQLSourceConnectorConfig
	The method getPassword(String) is undefined for the type GraphQLSourceConnectorConfig
	The method getString(String) is undefined for the type GraphQLSourceConnectorConfig
	The method getString(String) is undefined for the type GraphQLSourceConnectorConfig
	The method getString(String) is undefined for the type GraphQLSourceConnectorConfig
	The method getString(String) is undefined for the type GraphQLSourceConnectorConfig
	The method getInt(String) is undefined for the type GraphQLSourceConnectorConfig
	The method getLong(String) is undefined for the type GraphQLSourceConnectorConfig
	The method getString(String) is undefined for the type GraphQLSourceConnectorConfig
	The method getLong(String) is undefined for the type GraphQLSourceConnectorConfig
	The method getInt(String) is undefined for the type GraphQLSourceConnectorConfig
	The method getLong(String) is undefined for the type GraphQLSourceConnectorConfig

	at com.example.graphqlconnector.GraphQLSourceConnectorConfig.<init>(GraphQLSourceConnectorConfig.java:7)
	at com.example.graphqlconnector.GraphQLSourceConnectorConfigTest.testValidConfiguration(GraphQLSourceConnectorConfigTest.java:13)
	at java.base/jdk.internal.reflect.DirectMethodHandleAccessor.invoke(DirectMethodHandleAccessor.java:104)
	at java.base/java.lang.reflect.Method.invoke(Method.java:565)
	at org.junit.runners.model.FrameworkMethod$1.runReflectiveCall(FrameworkMethod.java:59)
	at org.junit.internal.runners.model.ReflectiveCallable.run(ReflectiveCallable.java:12)
	at org.junit.runners.model.FrameworkMethod.invokeExplosively(FrameworkMethod.java:56)
	at org.junit.internal.runners.statements.InvokeMethod.evaluate(InvokeMethod.java:17)
	at org.junit.runners.ParentRunner$3.evaluate(ParentRunner.java:306)
	at org.junit.runners.BlockJUnit4ClassRunner$1.evaluate(BlockJUnit4ClassRunner.java:100)
	at org.junit.runners.ParentRunner.runLeaf(ParentRunner.java:366)
	at org.junit.runners.BlockJUnit4ClassRunner.runChild(BlockJUnit4ClassRunner.java:103)
	at org.junit.runners.BlockJUnit4ClassRunner.runChild(BlockJUnit4ClassRunner.java:63)
	at org.junit.runners.ParentRunner$4.run(ParentRunner.java:331)
	at org.junit.runners.ParentRunner$1.schedule(ParentRunner.java:79)
	at org.junit.runners.ParentRunner.runChildren(ParentRunner.java:329)
	at org.junit.runners.ParentRunner.access$100(ParentRunner.java:66)
	at org.junit.runners.ParentRunner$2.evaluate(ParentRunner.java:293)
	at org.junit.runners.ParentRunner$3.evaluate(ParentRunner.java:306)
	at org.junit.runners.ParentRunner.run(ParentRunner.java:413)
	at org.apache.maven.surefire.junit4.JUnit4Provider.execute(JUnit4Provider.java:316)
	at org.apache.maven.surefire.junit4.JUnit4Provider.executeWithRerun(JUnit4Provider.java:240)
	at org.apache.maven.surefire.junit4.JUnit4Provider.executeTestSet(JUnit4Provider.java:214)
	at org.apache.maven.surefire.junit4.JUnit4Provider.invoke(JUnit4Provider.java:155)
	at org.apache.maven.surefire.booter.ForkedBooter.runSuitesInProcess(ForkedBooter.java:385)
	at org.apache.maven.surefire.booter.ForkedBooter.execute(ForkedBooter.java:162)
	at org.apache.maven.surefire.booter.ForkedBooter.run(ForkedBooter.java:507)
	at org.apache.maven.surefire.booter.ForkedBooter.main(ForkedBooter.java:495)
]]></error>
  </testcase>
  <testcase name="testDefaultValues" classname="com.example.graphqlconnector.GraphQLSourceConnectorConfigTest" time="0.0">
    <error message="Unresolved compilation problems: &#10;	The import org.apache.kafka.common.config.AbstractConfig cannot be resolved&#10;	The import org.apache.kafka.common.config.ConfigDef cannot be resolved&#10;	The import org.apache.kafka.common.config.ConfigDef cannot be resolved&#10;	The import org.apache.kafka.common.config.ConfigDef cannot be resolved&#10;	AbstractConfig cannot be resolved to a type&#10;	ConfigDef cannot be resolved to a type&#10;	ConfigDef cannot be resolved to a type&#10;	Type cannot be resolved to a variable&#10;	Importance cannot be resolved to a variable&#10;	Type cannot be resolved to a variable&#10;	Importance cannot be resolved to a variable&#10;	Type cannot be resolved to a variable&#10;	Importance cannot be resolved to a variable&#10;	Type cannot be resolved to a variable&#10;	Importance cannot be resolved to a variable&#10;	Type cannot be resolved to a variable&#10;	Importance cannot be resolved to a variable&#10;	Type cannot be resolved to a variable&#10;	Importance cannot be resolved to a variable&#10;	Type cannot be resolved to a variable&#10;	Importance cannot be resolved to a variable&#10;	Type cannot be resolved to a variable&#10;	Importance cannot be resolved to a variable&#10;	Type cannot be resolved to a variable&#10;	Importance cannot be resolved to a variable&#10;	Type cannot be resolved to a variable&#10;	Importance cannot be resolved to a variable&#10;	Type cannot be resolved to a variable&#10;	Importance cannot be resolved to a variable&#10;	Type cannot be resolved to a variable&#10;	Importance cannot be resolved to a variable&#10;	Type cannot be resolved to a variable&#10;	Importance cannot be resolved to a variable&#10;	Type cannot be resolved to a variable&#10;	Importance cannot be resolved to a variable&#10;	ConfigDef cannot be resolved to a type&#10;	The method getString(String) is undefined for the type GraphQLSourceConnectorConfig&#10;	The method getString(String) is undefined for the type GraphQLSourceConnectorConfig&#10;	The method getString(String) is undefined for the type GraphQLSourceConnectorConfig&#10;	The method getPassword(String) is undefined for the type GraphQLSourceConnectorConfig&#10;	The method getString(String) is undefined for the type GraphQLSourceConnectorConfig&#10;	The method getString(String) is undefined for the type GraphQLSourceConnectorConfig&#10;	The method getString(String) is undefined for the type GraphQLSourceConnectorConfig&#10;	The method getString(String) is undefined for the type GraphQLSourceConnectorConfig&#10;	The method getInt(String) is undefined for the type GraphQLSourceConnectorConfig&#10;	The method getLong(String) is undefined for the type GraphQLSourceConnectorConfig&#10;	The method getString(String) is undefined for the type GraphQLSourceConnectorConfig&#10;	The method getLong(String) is undefined for the type GraphQLSourceConnectorConfig&#10;	The method getInt(String) is undefined for the type GraphQLSourceConnectorConfig&#10;	The method getLong(String) is undefined for the type GraphQLSourceConnectorConfig&#10;" type="java.lang.Error"><![CDATA[java.lang.Error: 
Unresolved compilation problems: 
	The import org.apache.kafka.common.config.AbstractConfig cannot be resolved
	The import org.apache.kafka.common.config.ConfigDef cannot be resolved
	The import org.apache.kafka.common.config.ConfigDef cannot be resolved
	The import org.apache.kafka.common.config.ConfigDef cannot be resolved
	AbstractConfig cannot be resolved to a type
	ConfigDef cannot be resolved to a type
	ConfigDef cannot be resolved to a type
	Type cannot be resolved to a variable
	Importance cannot be resolved to a variable
	Type cannot be resolved to a variable
	Importance cannot be resolved to a variable
	Type cannot be resolved to a variable
	Importance cannot be resolved to a variable
	Type cannot be resolved to a variable
	Importance cannot be resolved to a variable
	Type cannot be resolved to a variable
	Importance cannot be resolved to a variable
	Type cannot be resolved to a variable
	Importance cannot be resolved to a variable
	Type cannot be resolved to a variable
	Importance cannot be resolved to a variable
	Type cannot be resolved to a variable
	Importance cannot be resolved to a variable
	Type cannot be resolved to a variable
	Importance cannot be resolved to a variable
	Type cannot be resolved to a variable
	Importance cannot be resolved to a variable
	Type cannot be resolved to a variable
	Importance cannot be resolved to a variable
	Type cannot be resolved to a variable
	Importance cannot be resolved to a variable
	Type cannot be resolved to a variable
	Importance cannot be resolved to a variable
	Type cannot be resolved to a variable
	Importance cannot be resolved to a variable
	ConfigDef cannot be resolved to a type
	The method getString(String) is undefined for the type GraphQLSourceConnectorConfig
	The method getString(String) is undefined for the type GraphQLSourceConnectorConfig
	The method getString(String) is undefined for the type GraphQLSourceConnectorConfig
	The method getPassword(String) is undefined for the type GraphQLSourceConnectorConfig
	The method getString(String) is undefined for the type GraphQLSourceConnectorConfig
	The method getString(String) is undefined for the type GraphQLSourceConnectorConfig
	The method getString(String) is undefined for the type GraphQLSourceConnectorConfig
	The method getString(String) is undefined for the type GraphQLSourceConnectorConfig
	The method getInt(String) is undefined for the type GraphQLSourceConnectorConfig
	The method getLong(String) is undefined for the type GraphQLSourceConnectorConfig
	The method getString(String) is undefined for the type GraphQLSourceConnectorConfig
	The method getLong(String) is undefined for the type GraphQLSourceConnectorConfig
	The method getInt(String) is undefined for the type GraphQLSourceConnectorConfig
	The method getLong(String) is undefined for the type GraphQLSourceConnectorConfig

	at com.example.graphqlconnector.GraphQLSourceConnectorConfig.<init>(GraphQLSourceConnectorConfig.java:7)
	at com.example.graphqlconnector.GraphQLSourceConnectorConfigTest.testDefaultValues(GraphQLSourceConnectorConfigTest.java:56)
	at java.base/jdk.internal.reflect.DirectMethodHandleAccessor.invoke(DirectMethodHandleAccessor.java:104)
	at java.base/java.lang.reflect.Method.invoke(Method.java:565)
	at org.junit.runners.model.FrameworkMethod$1.runReflectiveCall(FrameworkMethod.java:59)
	at org.junit.internal.runners.model.ReflectiveCallable.run(ReflectiveCallable.java:12)
	at org.junit.runners.model.FrameworkMethod.invokeExplosively(FrameworkMethod.java:56)
	at org.junit.internal.runners.statements.InvokeMethod.evaluate(InvokeMethod.java:17)
	at org.junit.runners.ParentRunner$3.evaluate(ParentRunner.java:306)
	at org.junit.runners.BlockJUnit4ClassRunner$1.evaluate(BlockJUnit4ClassRunner.java:100)
	at org.junit.runners.ParentRunner.runLeaf(ParentRunner.java:366)
	at org.junit.runners.BlockJUnit4ClassRunner.runChild(BlockJUnit4ClassRunner.java:103)
	at org.junit.runners.BlockJUnit4ClassRunner.runChild(BlockJUnit4ClassRunner.java:63)
	at org.junit.runners.ParentRunner$4.run(ParentRunner.java:331)
	at org.junit.runners.ParentRunner$1.schedule(ParentRunner.java:79)
	at org.junit.runners.ParentRunner.runChildren(ParentRunner.java:329)
	at org.junit.runners.ParentRunner.access$100(ParentRunner.java:66)
	at org.junit.runners.ParentRunner$2.evaluate(ParentRunner.java:293)
	at org.junit.runners.ParentRunner$3.evaluate(ParentRunner.java:306)
	at org.junit.runners.ParentRunner.run(ParentRunner.java:413)
	at org.apache.maven.surefire.junit4.JUnit4Provider.execute(JUnit4Provider.java:316)
	at org.apache.maven.surefire.junit4.JUnit4Provider.executeWithRerun(JUnit4Provider.java:240)
	at org.apache.maven.surefire.junit4.JUnit4Provider.executeTestSet(JUnit4Provider.java:214)
	at org.apache.maven.surefire.junit4.JUnit4Provider.invoke(JUnit4Provider.java:155)
	at org.apache.maven.surefire.booter.ForkedBooter.runSuitesInProcess(ForkedBooter.java:385)
	at org.apache.maven.surefire.booter.ForkedBooter.execute(ForkedBooter.java:162)
	at org.apache.maven.surefire.booter.ForkedBooter.run(ForkedBooter.java:507)
	at org.apache.maven.surefire.booter.ForkedBooter.main(ForkedBooter.java:495)
]]></error>
  </testcase>
  <testcase name="testHeadersParsing" classname="com.example.graphqlconnector.GraphQLSourceConnectorConfigTest" time="0.0">
    <error message="Unresolved compilation problems: &#10;	The import org.apache.kafka.common.config.AbstractConfig cannot be resolved&#10;	The import org.apache.kafka.common.config.ConfigDef cannot be resolved&#10;	The import org.apache.kafka.common.config.ConfigDef cannot be resolved&#10;	The import org.apache.kafka.common.config.ConfigDef cannot be resolved&#10;	AbstractConfig cannot be resolved to a type&#10;	ConfigDef cannot be resolved to a type&#10;	ConfigDef cannot be resolved to a type&#10;	Type cannot be resolved to a variable&#10;	Importance cannot be resolved to a variable&#10;	Type cannot be resolved to a variable&#10;	Importance cannot be resolved to a variable&#10;	Type cannot be resolved to a variable&#10;	Importance cannot be resolved to a variable&#10;	Type cannot be resolved to a variable&#10;	Importance cannot be resolved to a variable&#10;	Type cannot be resolved to a variable&#10;	Importance cannot be resolved to a variable&#10;	Type cannot be resolved to a variable&#10;	Importance cannot be resolved to a variable&#10;	Type cannot be resolved to a variable&#10;	Importance cannot be resolved to a variable&#10;	Type cannot be resolved to a variable&#10;	Importance cannot be resolved to a variable&#10;	Type cannot be resolved to a variable&#10;	Importance cannot be resolved to a variable&#10;	Type cannot be resolved to a variable&#10;	Importance cannot be resolved to a variable&#10;	Type cannot be resolved to a variable&#10;	Importance cannot be resolved to a variable&#10;	Type cannot be resolved to a variable&#10;	Importance cannot be resolved to a variable&#10;	Type cannot be resolved to a variable&#10;	Importance cannot be resolved to a variable&#10;	Type cannot be resolved to a variable&#10;	Importance cannot be resolved to a variable&#10;	ConfigDef cannot be resolved to a type&#10;	The method getString(String) is undefined for the type GraphQLSourceConnectorConfig&#10;	The method getString(String) is undefined for the type GraphQLSourceConnectorConfig&#10;	The method getString(String) is undefined for the type GraphQLSourceConnectorConfig&#10;	The method getPassword(String) is undefined for the type GraphQLSourceConnectorConfig&#10;	The method getString(String) is undefined for the type GraphQLSourceConnectorConfig&#10;	The method getString(String) is undefined for the type GraphQLSourceConnectorConfig&#10;	The method getString(String) is undefined for the type GraphQLSourceConnectorConfig&#10;	The method getString(String) is undefined for the type GraphQLSourceConnectorConfig&#10;	The method getInt(String) is undefined for the type GraphQLSourceConnectorConfig&#10;	The method getLong(String) is undefined for the type GraphQLSourceConnectorConfig&#10;	The method getString(String) is undefined for the type GraphQLSourceConnectorConfig&#10;	The method getLong(String) is undefined for the type GraphQLSourceConnectorConfig&#10;	The method getInt(String) is undefined for the type GraphQLSourceConnectorConfig&#10;	The method getLong(String) is undefined for the type GraphQLSourceConnectorConfig&#10;" type="java.lang.Error"><![CDATA[java.lang.Error: 
Unresolved compilation problems: 
	The import org.apache.kafka.common.config.AbstractConfig cannot be resolved
	The import org.apache.kafka.common.config.ConfigDef cannot be resolved
	The import org.apache.kafka.common.config.ConfigDef cannot be resolved
	The import org.apache.kafka.common.config.ConfigDef cannot be resolved
	AbstractConfig cannot be resolved to a type
	ConfigDef cannot be resolved to a type
	ConfigDef cannot be resolved to a type
	Type cannot be resolved to a variable
	Importance cannot be resolved to a variable
	Type cannot be resolved to a variable
	Importance cannot be resolved to a variable
	Type cannot be resolved to a variable
	Importance cannot be resolved to a variable
	Type cannot be resolved to a variable
	Importance cannot be resolved to a variable
	Type cannot be resolved to a variable
	Importance cannot be resolved to a variable
	Type cannot be resolved to a variable
	Importance cannot be resolved to a variable
	Type cannot be resolved to a variable
	Importance cannot be resolved to a variable
	Type cannot be resolved to a variable
	Importance cannot be resolved to a variable
	Type cannot be resolved to a variable
	Importance cannot be resolved to a variable
	Type cannot be resolved to a variable
	Importance cannot be resolved to a variable
	Type cannot be resolved to a variable
	Importance cannot be resolved to a variable
	Type cannot be resolved to a variable
	Importance cannot be resolved to a variable
	Type cannot be resolved to a variable
	Importance cannot be resolved to a variable
	Type cannot be resolved to a variable
	Importance cannot be resolved to a variable
	ConfigDef cannot be resolved to a type
	The method getString(String) is undefined for the type GraphQLSourceConnectorConfig
	The method getString(String) is undefined for the type GraphQLSourceConnectorConfig
	The method getString(String) is undefined for the type GraphQLSourceConnectorConfig
	The method getPassword(String) is undefined for the type GraphQLSourceConnectorConfig
	The method getString(String) is undefined for the type GraphQLSourceConnectorConfig
	The method getString(String) is undefined for the type GraphQLSourceConnectorConfig
	The method getString(String) is undefined for the type GraphQLSourceConnectorConfig
	The method getString(String) is undefined for the type GraphQLSourceConnectorConfig
	The method getInt(String) is undefined for the type GraphQLSourceConnectorConfig
	The method getLong(String) is undefined for the type GraphQLSourceConnectorConfig
	The method getString(String) is undefined for the type GraphQLSourceConnectorConfig
	The method getLong(String) is undefined for the type GraphQLSourceConnectorConfig
	The method getInt(String) is undefined for the type GraphQLSourceConnectorConfig
	The method getLong(String) is undefined for the type GraphQLSourceConnectorConfig

	at com.example.graphqlconnector.GraphQLSourceConnectorConfig.<init>(GraphQLSourceConnectorConfig.java:7)
	at com.example.graphqlconnector.GraphQLSourceConnectorConfigTest.testHeadersParsing(GraphQLSourceConnectorConfigTest.java:31)
	at java.base/jdk.internal.reflect.DirectMethodHandleAccessor.invoke(DirectMethodHandleAccessor.java:104)
	at java.base/java.lang.reflect.Method.invoke(Method.java:565)
	at org.junit.runners.model.FrameworkMethod$1.runReflectiveCall(FrameworkMethod.java:59)
	at org.junit.internal.runners.model.ReflectiveCallable.run(ReflectiveCallable.java:12)
	at org.junit.runners.model.FrameworkMethod.invokeExplosively(FrameworkMethod.java:56)
	at org.junit.internal.runners.statements.InvokeMethod.evaluate(InvokeMethod.java:17)
	at org.junit.runners.ParentRunner$3.evaluate(ParentRunner.java:306)
	at org.junit.runners.BlockJUnit4ClassRunner$1.evaluate(BlockJUnit4ClassRunner.java:100)
	at org.junit.runners.ParentRunner.runLeaf(ParentRunner.java:366)
	at org.junit.runners.BlockJUnit4ClassRunner.runChild(BlockJUnit4ClassRunner.java:103)
	at org.junit.runners.BlockJUnit4ClassRunner.runChild(BlockJUnit4ClassRunner.java:63)
	at org.junit.runners.ParentRunner$4.run(ParentRunner.java:331)
	at org.junit.runners.ParentRunner$1.schedule(ParentRunner.java:79)
	at org.junit.runners.ParentRunner.runChildren(ParentRunner.java:329)
	at org.junit.runners.ParentRunner.access$100(ParentRunner.java:66)
	at org.junit.runners.ParentRunner$2.evaluate(ParentRunner.java:293)
	at org.junit.runners.ParentRunner$3.evaluate(ParentRunner.java:306)
	at org.junit.runners.ParentRunner.run(ParentRunner.java:413)
	at org.apache.maven.surefire.junit4.JUnit4Provider.execute(JUnit4Provider.java:316)
	at org.apache.maven.surefire.junit4.JUnit4Provider.executeWithRerun(JUnit4Provider.java:240)
	at org.apache.maven.surefire.junit4.JUnit4Provider.executeTestSet(JUnit4Provider.java:214)
	at org.apache.maven.surefire.junit4.JUnit4Provider.invoke(JUnit4Provider.java:155)
	at org.apache.maven.surefire.booter.ForkedBooter.runSuitesInProcess(ForkedBooter.java:385)
	at org.apache.maven.surefire.booter.ForkedBooter.execute(ForkedBooter.java:162)
	at org.apache.maven.surefire.booter.ForkedBooter.run(ForkedBooter.java:507)
	at org.apache.maven.surefire.booter.ForkedBooter.main(ForkedBooter.java:495)
]]></error>
  </testcase>
  <testcase name="testEmptyHeaders" classname="com.example.graphqlconnector.GraphQLSourceConnectorConfigTest" time="0.0">
    <error message="Unresolved compilation problems: &#10;	The import org.apache.kafka.common.config.AbstractConfig cannot be resolved&#10;	The import org.apache.kafka.common.config.ConfigDef cannot be resolved&#10;	The import org.apache.kafka.common.config.ConfigDef cannot be resolved&#10;	The import org.apache.kafka.common.config.ConfigDef cannot be resolved&#10;	AbstractConfig cannot be resolved to a type&#10;	ConfigDef cannot be resolved to a type&#10;	ConfigDef cannot be resolved to a type&#10;	Type cannot be resolved to a variable&#10;	Importance cannot be resolved to a variable&#10;	Type cannot be resolved to a variable&#10;	Importance cannot be resolved to a variable&#10;	Type cannot be resolved to a variable&#10;	Importance cannot be resolved to a variable&#10;	Type cannot be resolved to a variable&#10;	Importance cannot be resolved to a variable&#10;	Type cannot be resolved to a variable&#10;	Importance cannot be resolved to a variable&#10;	Type cannot be resolved to a variable&#10;	Importance cannot be resolved to a variable&#10;	Type cannot be resolved to a variable&#10;	Importance cannot be resolved to a variable&#10;	Type cannot be resolved to a variable&#10;	Importance cannot be resolved to a variable&#10;	Type cannot be resolved to a variable&#10;	Importance cannot be resolved to a variable&#10;	Type cannot be resolved to a variable&#10;	Importance cannot be resolved to a variable&#10;	Type cannot be resolved to a variable&#10;	Importance cannot be resolved to a variable&#10;	Type cannot be resolved to a variable&#10;	Importance cannot be resolved to a variable&#10;	Type cannot be resolved to a variable&#10;	Importance cannot be resolved to a variable&#10;	Type cannot be resolved to a variable&#10;	Importance cannot be resolved to a variable&#10;	ConfigDef cannot be resolved to a type&#10;	The method getString(String) is undefined for the type GraphQLSourceConnectorConfig&#10;	The method getString(String) is undefined for the type GraphQLSourceConnectorConfig&#10;	The method getString(String) is undefined for the type GraphQLSourceConnectorConfig&#10;	The method getPassword(String) is undefined for the type GraphQLSourceConnectorConfig&#10;	The method getString(String) is undefined for the type GraphQLSourceConnectorConfig&#10;	The method getString(String) is undefined for the type GraphQLSourceConnectorConfig&#10;	The method getString(String) is undefined for the type GraphQLSourceConnectorConfig&#10;	The method getString(String) is undefined for the type GraphQLSourceConnectorConfig&#10;	The method getInt(String) is undefined for the type GraphQLSourceConnectorConfig&#10;	The method getLong(String) is undefined for the type GraphQLSourceConnectorConfig&#10;	The method getString(String) is undefined for the type GraphQLSourceConnectorConfig&#10;	The method getLong(String) is undefined for the type GraphQLSourceConnectorConfig&#10;	The method getInt(String) is undefined for the type GraphQLSourceConnectorConfig&#10;	The method getLong(String) is undefined for the type GraphQLSourceConnectorConfig&#10;" type="java.lang.Error"><![CDATA[java.lang.Error: 
Unresolved compilation problems: 
	The import org.apache.kafka.common.config.AbstractConfig cannot be resolved
	The import org.apache.kafka.common.config.ConfigDef cannot be resolved
	The import org.apache.kafka.common.config.ConfigDef cannot be resolved
	The import org.apache.kafka.common.config.ConfigDef cannot be resolved
	AbstractConfig cannot be resolved to a type
	ConfigDef cannot be resolved to a type
	ConfigDef cannot be resolved to a type
	Type cannot be resolved to a variable
	Importance cannot be resolved to a variable
	Type cannot be resolved to a variable
	Importance cannot be resolved to a variable
	Type cannot be resolved to a variable
	Importance cannot be resolved to a variable
	Type cannot be resolved to a variable
	Importance cannot be resolved to a variable
	Type cannot be resolved to a variable
	Importance cannot be resolved to a variable
	Type cannot be resolved to a variable
	Importance cannot be resolved to a variable
	Type cannot be resolved to a variable
	Importance cannot be resolved to a variable
	Type cannot be resolved to a variable
	Importance cannot be resolved to a variable
	Type cannot be resolved to a variable
	Importance cannot be resolved to a variable
	Type cannot be resolved to a variable
	Importance cannot be resolved to a variable
	Type cannot be resolved to a variable
	Importance cannot be resolved to a variable
	Type cannot be resolved to a variable
	Importance cannot be resolved to a variable
	Type cannot be resolved to a variable
	Importance cannot be resolved to a variable
	Type cannot be resolved to a variable
	Importance cannot be resolved to a variable
	ConfigDef cannot be resolved to a type
	The method getString(String) is undefined for the type GraphQLSourceConnectorConfig
	The method getString(String) is undefined for the type GraphQLSourceConnectorConfig
	The method getString(String) is undefined for the type GraphQLSourceConnectorConfig
	The method getPassword(String) is undefined for the type GraphQLSourceConnectorConfig
	The method getString(String) is undefined for the type GraphQLSourceConnectorConfig
	The method getString(String) is undefined for the type GraphQLSourceConnectorConfig
	The method getString(String) is undefined for the type GraphQLSourceConnectorConfig
	The method getString(String) is undefined for the type GraphQLSourceConnectorConfig
	The method getInt(String) is undefined for the type GraphQLSourceConnectorConfig
	The method getLong(String) is undefined for the type GraphQLSourceConnectorConfig
	The method getString(String) is undefined for the type GraphQLSourceConnectorConfig
	The method getLong(String) is undefined for the type GraphQLSourceConnectorConfig
	The method getInt(String) is undefined for the type GraphQLSourceConnectorConfig
	The method getLong(String) is undefined for the type GraphQLSourceConnectorConfig

	at com.example.graphqlconnector.GraphQLSourceConnectorConfig.<init>(GraphQLSourceConnectorConfig.java:7)
	at com.example.graphqlconnector.GraphQLSourceConnectorConfigTest.testEmptyHeaders(GraphQLSourceConnectorConfigTest.java:43)
	at java.base/jdk.internal.reflect.DirectMethodHandleAccessor.invoke(DirectMethodHandleAccessor.java:104)
	at java.base/java.lang.reflect.Method.invoke(Method.java:565)
	at org.junit.runners.model.FrameworkMethod$1.runReflectiveCall(FrameworkMethod.java:59)
	at org.junit.internal.runners.model.ReflectiveCallable.run(ReflectiveCallable.java:12)
	at org.junit.runners.model.FrameworkMethod.invokeExplosively(FrameworkMethod.java:56)
	at org.junit.internal.runners.statements.InvokeMethod.evaluate(InvokeMethod.java:17)
	at org.junit.runners.ParentRunner$3.evaluate(ParentRunner.java:306)
	at org.junit.runners.BlockJUnit4ClassRunner$1.evaluate(BlockJUnit4ClassRunner.java:100)
	at org.junit.runners.ParentRunner.runLeaf(ParentRunner.java:366)
	at org.junit.runners.BlockJUnit4ClassRunner.runChild(BlockJUnit4ClassRunner.java:103)
	at org.junit.runners.BlockJUnit4ClassRunner.runChild(BlockJUnit4ClassRunner.java:63)
	at org.junit.runners.ParentRunner$4.run(ParentRunner.java:331)
	at org.junit.runners.ParentRunner$1.schedule(ParentRunner.java:79)
	at org.junit.runners.ParentRunner.runChildren(ParentRunner.java:329)
	at org.junit.runners.ParentRunner.access$100(ParentRunner.java:66)
	at org.junit.runners.ParentRunner$2.evaluate(ParentRunner.java:293)
	at org.junit.runners.ParentRunner$3.evaluate(ParentRunner.java:306)
	at org.junit.runners.ParentRunner.run(ParentRunner.java:413)
	at org.apache.maven.surefire.junit4.JUnit4Provider.execute(JUnit4Provider.java:316)
	at org.apache.maven.surefire.junit4.JUnit4Provider.executeWithRerun(JUnit4Provider.java:240)
	at org.apache.maven.surefire.junit4.JUnit4Provider.executeTestSet(JUnit4Provider.java:214)
	at org.apache.maven.surefire.junit4.JUnit4Provider.invoke(JUnit4Provider.java:155)
	at org.apache.maven.surefire.booter.ForkedBooter.runSuitesInProcess(ForkedBooter.java:385)
	at org.apache.maven.surefire.booter.ForkedBooter.execute(ForkedBooter.java:162)
	at org.apache.maven.surefire.booter.ForkedBooter.run(ForkedBooter.java:507)
	at org.apache.maven.surefire.booter.ForkedBooter.main(ForkedBooter.java:495)
]]></error>
  </testcase>
</testsuite>